Build started 04/01/2021 10:59:16 p. m..
     1>Project "C:\Users\cesar\Documents\Visual Studio 2012\Projects\Polyscript_Language\Polyscript_Language\Polyscript_Language.vcxproj" on node 2 (Rebuild target(s)).
     1>ClCompile:
         C:\Program Files (x86)\Microsoft Visual Studio 11.0\VC\bin\CL.exe /c /I"..\glew-2.1.0\include" /I..\stb /I"..\freetype-windows-binaries\include" /I"..\ftgl-2.1.3~rc5\src" /I..\boost_1_66_0 /ZI /nologo /W3 /WX- /sdl /Od /Oy- /D WIN32 /D _DEBUG /D _WINDOWS /D _CRT_SECURE_NO_WARNINGS /D _UNICODE /D UNICODE /Gm /EHsc /RTC1 /MDd /GS /fp:precise /Zc:wchar_t /Zc:forScope /Yc"stdafx.h" /Fp"Debug\Polyscript_Language_Debug.pch" /Fo"Debug\\" /Fd"Debug\vc110.pdb" /Gd /TP /analyze- /errorReport:prompt -Zm512  -D_SCL_SECURE_NO_WARNINGS stdafx.cpp
         stdafx.cpp
     1>c:\users\cesar\documents\visual studio 2012\projects\polyscript_language\polyscript_language\d2dui.h(251): warning C4018: '<' : signed/unsigned mismatch
     1>c:\users\cesar\documents\visual studio 2012\projects\polyscript_language\polyscript_language\d2dui.h(262): warning C4018: '<' : signed/unsigned mismatch
     1>c:\users\cesar\documents\visual studio 2012\projects\polyscript_language\polyscript_language\d2dui.h(273): warning C4018: '<' : signed/unsigned mismatch
     1>c:\users\cesar\documents\visual studio 2012\projects\polyscript_language\polyscript_language\d2dui.h(285): warning C4018: '<' : signed/unsigned mismatch
     1>c:\users\cesar\documents\visual studio 2012\projects\polyscript_language\polyscript_language\d2dui.h(296): warning C4018: '<' : signed/unsigned mismatch
     1>c:\users\cesar\documents\visual studio 2012\projects\polyscript_language\polyscript_language\d2dui.h(307): warning C4018: '<' : signed/unsigned mismatch
     1>c:\users\cesar\documents\visual studio 2012\projects\polyscript_language\polyscript_language\d2dui.h(319): warning C4018: '<' : signed/unsigned mismatch
     1>c:\users\cesar\documents\visual studio 2012\projects\polyscript_language\polyscript_language\d2dui.h(330): warning C4018: '<' : signed/unsigned mismatch
     1>c:\users\cesar\documents\visual studio 2012\projects\polyscript_language\polyscript_language\d2dui.h(341): warning C4018: '<' : signed/unsigned mismatch
     1>c:\users\cesar\documents\visual studio 2012\projects\polyscript_language\polyscript_language\d2dui.h(354): warning C4018: '<' : signed/unsigned mismatch
     1>c:\users\cesar\documents\visual studio 2012\projects\polyscript_language\polyscript_language\d2dui.h(366): warning C4018: '<' : signed/unsigned mismatch
     1>c:\users\cesar\documents\visual studio 2012\projects\polyscript_language\polyscript_language\d2dui.h(377): warning C4018: '<' : signed/unsigned mismatch
     1>c:\users\cesar\documents\visual studio 2012\projects\polyscript_language\polyscript_language\d2dui.h(388): warning C4018: '<' : signed/unsigned mismatch
     1>c:\users\cesar\documents\visual studio 2012\projects\polyscript_language\polyscript_language\d2dui.h(400): warning C4018: '<' : signed/unsigned mismatch
     1>c:\users\cesar\documents\visual studio 2012\projects\polyscript_language\polyscript_language\d2dui.h(411): warning C4018: '<' : signed/unsigned mismatch
     1>c:\users\cesar\documents\visual studio 2012\projects\polyscript_language\polyscript_language\d2dui.h(422): warning C4018: '<' : signed/unsigned mismatch
     1>c:\users\cesar\documents\visual studio 2012\projects\polyscript_language\polyscript_language\d2dui.h(450): warning C4018: '<' : signed/unsigned mismatch
     1>c:\users\cesar\documents\visual studio 2012\projects\polyscript_language\polyscript_language\d2dui.h(461): warning C4018: '<' : signed/unsigned mismatch
     1>c:\users\cesar\documents\visual studio 2012\projects\polyscript_language\polyscript_language\d2dui.h(472): warning C4018: '<' : signed/unsigned mismatch
     1>c:\users\cesar\documents\visual studio 2012\projects\polyscript_language\polyscript_language\d2dui.h(484): warning C4018: '<' : signed/unsigned mismatch
     1>c:\users\cesar\documents\visual studio 2012\projects\polyscript_language\polyscript_language\d2dui.h(495): warning C4018: '<' : signed/unsigned mismatch
     1>c:\users\cesar\documents\visual studio 2012\projects\polyscript_language\polyscript_language\d2dui.h(506): warning C4018: '<' : signed/unsigned mismatch
     1>c:\users\cesar\documents\visual studio 2012\projects\polyscript_language\polyscript_language\d2dui.h(604): warning C4172: returning address of local variable or temporary
     1>c:\users\cesar\documents\visual studio 2012\projects\polyscript_language\polyscript_language\d2dui.h(608): warning C4172: returning address of local variable or temporary
     1>c:\users\cesar\documents\visual studio 2012\projects\polyscript_language\polyscript_language\d2dui.h(1245): warning C4172: returning address of local variable or temporary
     1>c:\users\cesar\documents\visual studio 2012\projects\polyscript_language\polyscript_language\d2dui.h(1246): warning C4172: returning address of local variable or temporary
     1>c:\users\cesar\documents\visual studio 2012\projects\polyscript_language\polyscript_language\d2dui.h(1427): warning C4018: '<' : signed/unsigned mismatch
     1>c:\users\cesar\documents\visual studio 2012\projects\polyscript_language\polyscript_language\d2dui.h(1828): warning C4244: '=' : conversion from 'int' to 'float', possible loss of data
     1>c:\users\cesar\documents\visual studio 2012\projects\polyscript_language\polyscript_language\d2dui.h(1841): warning C4244: '=' : conversion from 'int' to 'float', possible loss of data
     1>c:\users\cesar\documents\visual studio 2012\projects\polyscript_language\polyscript_language\d2dui.h(1880): warning C4244: '=' : conversion from 'int' to 'float', possible loss of data
     1>c:\users\cesar\documents\visual studio 2012\projects\polyscript_language\polyscript_language\d2dui.h(1977): warning C4172: returning address of local variable or temporary
     1>c:\users\cesar\documents\visual studio 2012\projects\polyscript_language\polyscript_language\d2dui.h(1981): warning C4172: returning address of local variable or temporary
     1>c:\users\cesar\documents\visual studio 2012\projects\polyscript_language\polyscript_language\d2dui.h(2033): warning C4172: returning address of local variable or temporary
     1>c:\users\cesar\documents\visual studio 2012\projects\polyscript_language\polyscript_language\d2dui.h(2037): warning C4172: returning address of local variable or temporary
     1>c:\users\cesar\documents\visual studio 2012\projects\polyscript_language\polyscript_language\openglui.h(204): warning C4018: '<' : signed/unsigned mismatch
     1>c:\users\cesar\documents\visual studio 2012\projects\polyscript_language\polyscript_language\openglui.h(215): warning C4018: '<' : signed/unsigned mismatch
     1>c:\users\cesar\documents\visual studio 2012\projects\polyscript_language\polyscript_language\openglui.h(226): warning C4018: '<' : signed/unsigned mismatch
     1>c:\users\cesar\documents\visual studio 2012\projects\polyscript_language\polyscript_language\openglui.h(238): warning C4018: '<' : signed/unsigned mismatch
     1>c:\users\cesar\documents\visual studio 2012\projects\polyscript_language\polyscript_language\openglui.h(249): warning C4018: '<' : signed/unsigned mismatch
     1>c:\users\cesar\documents\visual studio 2012\projects\polyscript_language\polyscript_language\openglui.h(260): warning C4018: '<' : signed/unsigned mismatch
     1>c:\users\cesar\documents\visual studio 2012\projects\polyscript_language\polyscript_language\openglui.h(272): warning C4018: '<' : signed/unsigned mismatch
     1>c:\users\cesar\documents\visual studio 2012\projects\polyscript_language\polyscript_language\openglui.h(283): warning C4018: '<' : signed/unsigned mismatch
     1>c:\users\cesar\documents\visual studio 2012\projects\polyscript_language\polyscript_language\openglui.h(294): warning C4018: '<' : signed/unsigned mismatch
     1>c:\users\cesar\documents\visual studio 2012\projects\polyscript_language\polyscript_language\openglui.h(307): warning C4018: '<' : signed/unsigned mismatch
     1>c:\users\cesar\documents\visual studio 2012\projects\polyscript_language\polyscript_language\openglui.h(319): warning C4018: '<' : signed/unsigned mismatch
     1>c:\users\cesar\documents\visual studio 2012\projects\polyscript_language\polyscript_language\openglui.h(330): warning C4018: '<' : signed/unsigned mismatch
     1>c:\users\cesar\documents\visual studio 2012\projects\polyscript_language\polyscript_language\openglui.h(341): warning C4018: '<' : signed/unsigned mismatch
     1>c:\users\cesar\documents\visual studio 2012\projects\polyscript_language\polyscript_language\openglui.h(353): warning C4018: '<' : signed/unsigned mismatch
     1>c:\users\cesar\documents\visual studio 2012\projects\polyscript_language\polyscript_language\openglui.h(364): warning C4018: '<' : signed/unsigned mismatch
     1>c:\users\cesar\documents\visual studio 2012\projects\polyscript_language\polyscript_language\openglui.h(375): warning C4018: '<' : signed/unsigned mismatch
     1>c:\users\cesar\documents\visual studio 2012\projects\polyscript_language\polyscript_language\openglui.h(403): warning C4018: '<' : signed/unsigned mismatch
     1>c:\users\cesar\documents\visual studio 2012\projects\polyscript_language\polyscript_language\openglui.h(414): warning C4018: '<' : signed/unsigned mismatch
     1>c:\users\cesar\documents\visual studio 2012\projects\polyscript_language\polyscript_language\openglui.h(425): warning C4018: '<' : signed/unsigned mismatch
     1>c:\users\cesar\documents\visual studio 2012\projects\polyscript_language\polyscript_language\openglui.h(437): warning C4018: '<' : signed/unsigned mismatch
     1>c:\users\cesar\documents\visual studio 2012\projects\polyscript_language\polyscript_language\openglui.h(448): warning C4018: '<' : signed/unsigned mismatch
     1>c:\users\cesar\documents\visual studio 2012\projects\polyscript_language\polyscript_language\openglui.h(459): warning C4018: '<' : signed/unsigned mismatch
     1>c:\users\cesar\documents\visual studio 2012\projects\polyscript_language\polyscript_language\polyscriptvariable.h(55): warning C4172: returning address of local variable or temporary
         C:\Program Files (x86)\Microsoft Visual Studio 11.0\VC\bin\CL.exe /c /I"..\glew-2.1.0\include" /I..\stb /I"..\freetype-windows-binaries\include" /I"..\ftgl-2.1.3~rc5\src" /I..\boost_1_66_0 /ZI /nologo /W3 /WX- /sdl /Od /Oy- /D WIN32 /D _DEBUG /D _WINDOWS /D _CRT_SECURE_NO_WARNINGS /D _UNICODE /D UNICODE /Gm /EHsc /RTC1 /MDd /GS /fp:precise /Zc:wchar_t /Zc:forScope /Yu"stdafx.h" /Fp"Debug\Polyscript_Language_Debug.pch" /Fo"Debug\\" /Fd"Debug\vc110.pdb" /Gd /TP /analyze- /errorReport:prompt -Zm512  -D_SCL_SECURE_NO_WARNINGS D2DHandle.cpp D2DUI.cpp freetype_renderer.cpp GLHandle.cpp OpenGLUI.cpp PolyscriptFigure.cpp PolyscriptParser.cpp PolyscriptVariable.cpp Polyscript_Language.cpp TextRendererDX.cpp TextRendererGL.cpp
         TextRendererGL.cpp
     1>c:\users\cesar\documents\visual studio 2012\projects\polyscript_language\polyscript_language\textrenderergl.cpp(21): warning C4018: '<' : signed/unsigned mismatch
         TextRendererDX.cpp
     1>c:\users\cesar\documents\visual studio 2012\projects\polyscript_language\polyscript_language\textrendererdx.cpp(32): warning C4018: '<' : signed/unsigned mismatch
         Polyscript_Language.cpp
     1>c:\users\cesar\documents\visual studio 2012\projects\polyscript_language\polyscript_language\polyscript_language.cpp(60): warning C4018: '<' : signed/unsigned mismatch
     1>c:\users\cesar\documents\visual studio 2012\projects\polyscript_language\polyscript_language\polyscript_language.cpp(74): warning C4018: '<' : signed/unsigned mismatch
     1>c:\users\cesar\documents\visual studio 2012\projects\polyscript_language\polyscript_language\polyscript_language.cpp(87): warning C4018: '<' : signed/unsigned mismatch
     1>c:\users\cesar\documents\visual studio 2012\projects\polyscript_language\polyscript_language\polyscript_language.cpp(105): warning C4018: '<' : signed/unsigned mismatch
     1>c:\users\cesar\documents\visual studio 2012\projects\polyscript_language\polyscript_language\polyscript_language.cpp(121): warning C4018: '<' : signed/unsigned mismatch
     1>c:\users\cesar\documents\visual studio 2012\projects\polyscript_language\polyscript_language\polyscript_language.cpp(156): warning C4018: '<' : signed/unsigned mismatch
     1>c:\users\cesar\documents\visual studio 2012\projects\polyscript_language\polyscript_language\polyscript_language.cpp(171): warning C4018: '<' : signed/unsigned mismatch
     1>c:\users\cesar\documents\visual studio 2012\projects\polyscript_language\polyscript_language\polyscript_language.cpp(185): warning C4018: '<' : signed/unsigned mismatch
     1>c:\users\cesar\documents\visual studio 2012\projects\polyscript_language\polyscript_language\polyscript_language.cpp(202): warning C4018: '<' : signed/unsigned mismatch
     1>c:\users\cesar\documents\visual studio 2012\projects\polyscript_language\polyscript_language\polyscript_language.cpp(219): warning C4018: '<' : signed/unsigned mismatch
     1>c:\users\cesar\documents\visual studio 2012\projects\polyscript_language\polyscript_language\polyscript_language.cpp(301): warning C4018: '<' : signed/unsigned mismatch
     1>c:\users\cesar\documents\visual studio 2012\projects\polyscript_language\polyscript_language\polyscript_language.cpp(302): warning C4066: characters beyond first in wide-character constant ignored
     1>c:\users\cesar\documents\visual studio 2012\projects\polyscript_language\polyscript_language\polyscript_language.cpp(315): warning C4018: '<' : signed/unsigned mismatch
     1>c:\users\cesar\documents\visual studio 2012\projects\polyscript_language\polyscript_language\polyscript_language.cpp(324): warning C4018: '<' : signed/unsigned mismatch
     1>c:\users\cesar\documents\visual studio 2012\projects\polyscript_language\polyscript_language\polyscript_language.cpp(347): warning C4018: '<' : signed/unsigned mismatch
     1>c:\users\cesar\documents\visual studio 2012\projects\polyscript_language\polyscript_language\polyscript_language.cpp(355): warning C4018: '<' : signed/unsigned mismatch
     1>c:\users\cesar\documents\visual studio 2012\projects\polyscript_language\polyscript_language\polyscript_language.cpp(429): warning C4101: 'fwdmenu' : unreferenced local variable
     1>c:\users\cesar\documents\visual studio 2012\projects\polyscript_language\polyscript_language\polyscript_language.cpp(577): warning C4244: 'argument' : conversion from 'int' to 'FLOAT', possible loss of data
     1>c:\users\cesar\documents\visual studio 2012\projects\polyscript_language\polyscript_language\polyscript_language.cpp(592): warning C4018: '<' : signed/unsigned mismatch
     1>c:\users\cesar\documents\visual studio 2012\projects\polyscript_language\polyscript_language\polyscript_language.cpp(634): warning C4018: '<' : signed/unsigned mismatch
     1>c:\users\cesar\documents\visual studio 2012\projects\polyscript_language\polyscript_language\polyscript_language.cpp(641): warning C4018: '<' : signed/unsigned mismatch
     1>c:\users\cesar\documents\visual studio 2012\projects\polyscript_language\polyscript_language\polyscript_language.cpp(675): warning C4018: '<' : signed/unsigned mismatch
     1>c:\users\cesar\documents\visual studio 2012\projects\polyscript_language\polyscript_language\polyscript_language.cpp(686): warning C4018: '<' : signed/unsigned mismatch
     1>c:\users\cesar\documents\visual studio 2012\projects\polyscript_language\polyscript_language\polyscript_language.cpp(450): warning C4101: 'wmId' : unreferenced local variable
     1>c:\users\cesar\documents\visual studio 2012\projects\polyscript_language\polyscript_language\polyscript_language.cpp(450): warning C4101: 'wmEvent' : unreferenced local variable
     1>c:\users\cesar\documents\visual studio 2012\projects\polyscript_language\polyscript_language\polyscript_language.cpp(454): warning C4101: 'isInside' : unreferenced local variable
     1>c:\users\cesar\documents\visual studio 2012\projects\polyscript_language\polyscript_language\polyscript_language.cpp(453): warning C4101: 'isTrailing' : unreferenced local variable
     1>c:\users\cesar\documents\visual studio 2012\projects\polyscript_language\polyscript_language\polyscript_language.cpp(457): warning C4101: 'textX' : unreferenced local variable
     1>c:\users\cesar\documents\visual studio 2012\projects\polyscript_language\polyscript_language\polyscript_language.cpp(457): warning C4101: 'textY' : unreferenced local variable
         PolyscriptVariable.cpp
         PolyscriptParser.cpp
     1>c:\users\cesar\documents\visual studio 2012\projects\polyscript_language\polyscript_language\polyscriptparser.cpp(16): warning C4018: '<' : signed/unsigned mismatch
     1>c:\users\cesar\documents\visual studio 2012\projects\polyscript_language\polyscript_language\polyscriptparser.cpp(58): warning C4018: '<' : signed/unsigned mismatch
     1>c:\users\cesar\documents\visual studio 2012\projects\polyscript_language\polyscript_language\polyscriptparser.cpp(79): warning C4018: '<' : signed/unsigned mismatch
     1>c:\users\cesar\documents\visual studio 2012\projects\polyscript_language\polyscript_language\polyscriptparser.cpp(126): warning C4244: '=' : conversion from 'double' to 'float', possible loss of data
     1>c:\users\cesar\documents\visual studio 2012\projects\polyscript_language\polyscript_language\polyscriptparser.cpp(155): warning C4244: '=' : conversion from 'double' to 'float', possible loss of data
     1>c:\users\cesar\documents\visual studio 2012\projects\polyscript_language\polyscript_language\polyscriptparser.cpp(185): warning C4244: 'argument' : conversion from 'double' to 'float', possible loss of data
     1>c:\users\cesar\documents\visual studio 2012\projects\polyscript_language\polyscript_language\polyscriptparser.cpp(207): warning C4244: '=' : conversion from 'double' to 'float', possible loss of data
     1>c:\users\cesar\documents\visual studio 2012\projects\polyscript_language\polyscript_language\polyscriptparser.cpp(236): warning C4244: '=' : conversion from 'double' to 'float', possible loss of data
     1>c:\users\cesar\documents\visual studio 2012\projects\polyscript_language\polyscript_language\polyscriptparser.cpp(265): warning C4244: '=' : conversion from 'double' to 'float', possible loss of data
     1>c:\users\cesar\documents\visual studio 2012\projects\polyscript_language\polyscript_language\polyscriptparser.cpp(294): warning C4244: '=' : conversion from 'double' to 'float', possible loss of data
     1>c:\users\cesar\documents\visual studio 2012\projects\polyscript_language\polyscript_language\polyscriptparser.cpp(323): warning C4244: '=' : conversion from 'double' to 'float', possible loss of data
     1>c:\users\cesar\documents\visual studio 2012\projects\polyscript_language\polyscript_language\polyscriptparser.cpp(352): warning C4244: '=' : conversion from 'double' to 'float', possible loss of data
     1>c:\users\cesar\documents\visual studio 2012\projects\polyscript_language\polyscript_language\polyscriptparser.cpp(381): warning C4244: '=' : conversion from 'double' to 'float', possible loss of data
     1>c:\users\cesar\documents\visual studio 2012\projects\polyscript_language\polyscript_language\polyscriptparser.cpp(410): warning C4244: '=' : conversion from 'double' to 'float', possible loss of data
     1>c:\users\cesar\documents\visual studio 2012\projects\polyscript_language\polyscript_language\polyscriptparser.cpp(444): warning C4244: 'argument' : conversion from 'double' to 'float', possible loss of data
     1>c:\users\cesar\documents\visual studio 2012\projects\polyscript_language\polyscript_language\polyscriptparser.cpp(476): warning C4129: '/' : unrecognized character escape sequence
     1>c:\users\cesar\documents\visual studio 2012\projects\polyscript_language\polyscript_language\polyscriptparser.cpp(511): warning C4244: 'argument' : conversion from 'double' to 'float', possible loss of data
     1>c:\users\cesar\documents\visual studio 2012\projects\polyscript_language\polyscript_language\polyscriptparser.cpp(512): warning C4244: '=' : conversion from 'double' to 'float', possible loss of data
     1>c:\users\cesar\documents\visual studio 2012\projects\polyscript_language\polyscript_language\polyscriptparser.cpp(513): warning C4244: '=' : conversion from 'double' to 'float', possible loss of data
     1>c:\users\cesar\documents\visual studio 2012\projects\polyscript_language\polyscript_language\polyscriptparser.cpp(529): warning C4244: '=' : conversion from 'double' to 'float', possible loss of data
     1>c:\users\cesar\documents\visual studio 2012\projects\polyscript_language\polyscript_language\polyscriptparser.cpp(606): warning C4244: 'argument' : conversion from 'double' to 'float', possible loss of data
     1>c:\users\cesar\documents\visual studio 2012\projects\polyscript_language\polyscript_language\polyscriptparser.cpp(620): warning C4244: 'argument' : conversion from 'double' to 'float', possible loss of data
     1>c:\users\cesar\documents\visual studio 2012\projects\polyscript_language\polyscript_language\polyscriptparser.cpp(644): warning C4129: '/' : unrecognized character escape sequence
     1>c:\users\cesar\documents\visual studio 2012\projects\polyscript_language\polyscript_language\polyscriptparser.cpp(679): warning C4244: 'argument' : conversion from 'double' to 'float', possible loss of data
     1>c:\users\cesar\documents\visual studio 2012\projects\polyscript_language\polyscript_language\polyscriptparser.cpp(680): warning C4244: '=' : conversion from 'double' to 'float', possible loss of data
     1>c:\users\cesar\documents\visual studio 2012\projects\polyscript_language\polyscript_language\polyscriptparser.cpp(681): warning C4244: '=' : conversion from 'double' to 'float', possible loss of data
     1>c:\users\cesar\documents\visual studio 2012\projects\polyscript_language\polyscript_language\polyscriptparser.cpp(702): warning C4244: 'initializing' : conversion from 'double' to 'float', possible loss of data
         PolyscriptFigure.cpp
     1>c:\users\cesar\documents\visual studio 2012\projects\polyscript_language\polyscript_language\polyscriptfigure.cpp(45): warning C4018: '<' : signed/unsigned mismatch
     1>c:\users\cesar\documents\visual studio 2012\projects\polyscript_language\polyscript_language\polyscriptfigure.cpp(355): warning C4244: 'initializing' : conversion from 'double' to 'float', possible loss of data
     1>c:\users\cesar\documents\visual studio 2012\projects\polyscript_language\polyscript_language\polyscriptfigure.cpp(378): warning C4244: 'initializing' : conversion from 'double' to 'float', possible loss of data
     1>c:\users\cesar\documents\visual studio 2012\projects\polyscript_language\polyscript_language\polyscriptfigure.cpp(400): warning C4244: 'initializing' : conversion from 'double' to 'float', possible loss of data
         OpenGLUI.cpp
     1>c:\users\cesar\documents\visual studio 2012\projects\polyscript_language\polyscript_language\openglui.cpp(106): warning C4101: 'px' : unreferenced local variable
     1>c:\users\cesar\documents\visual studio 2012\projects\polyscript_language\polyscript_language\openglui.cpp(106): warning C4101: 'py' : unreferenced local variable
     1>c:\users\cesar\documents\visual studio 2012\projects\polyscript_language\polyscript_language\openglui.cpp(117): warning C4101: 'px' : unreferenced local variable
     1>c:\users\cesar\documents\visual studio 2012\projects\polyscript_language\polyscript_language\openglui.cpp(117): warning C4101: 'py' : unreferenced local variable
     1>c:\users\cesar\documents\visual studio 2012\projects\polyscript_language\polyscript_language\openglui.cpp(146): warning C4244: 'argument' : conversion from 'LONG' to 'float', possible loss of data
     1>c:\users\cesar\documents\visual studio 2012\projects\polyscript_language\polyscript_language\openglui.cpp(147): warning C4244: 'argument' : conversion from 'LONG' to 'float', possible loss of data
     1>c:\users\cesar\documents\visual studio 2012\projects\polyscript_language\polyscript_language\openglui.cpp(148): warning C4244: 'argument' : conversion from 'LONG' to 'float', possible loss of data
     1>c:\users\cesar\documents\visual studio 2012\projects\polyscript_language\polyscript_language\openglui.cpp(149): warning C4244: 'argument' : conversion from 'LONG' to 'float', possible loss of data
     1>c:\users\cesar\documents\visual studio 2012\projects\polyscript_language\polyscript_language\openglui.cpp(179): warning C4244: 'argument' : conversion from 'LONG' to 'const float', possible loss of data
     1>c:\users\cesar\documents\visual studio 2012\projects\polyscript_language\polyscript_language\openglui.cpp(131): warning C4101: 'nChannels' : unreferenced local variable
     1>c:\users\cesar\documents\visual studio 2012\projects\polyscript_language\polyscript_language\openglui.cpp(187): warning C4018: '<' : signed/unsigned mismatch
     1>c:\users\cesar\documents\visual studio 2012\projects\polyscript_language\polyscript_language\openglui.cpp(232): warning C4244: 'initializing' : conversion from 'LONG' to 'float', possible loss of data
     1>c:\users\cesar\documents\visual studio 2012\projects\polyscript_language\polyscript_language\openglui.cpp(233): warning C4244: 'initializing' : conversion from 'LONG' to 'float', possible loss of data
     1>c:\users\cesar\documents\visual studio 2012\projects\polyscript_language\polyscript_language\openglui.cpp(234): warning C4244: 'argument' : conversion from 'float' to 'GLsizei', possible loss of data
         GLHandle.cpp
         freetype_renderer.cpp
     1>c:\users\cesar\documents\visual studio 2012\projects\polyscript_language\polyscript_language\freetype_renderer.cpp(49): warning C4018: '<' : signed/unsigned mismatch
     1>c:\users\cesar\documents\visual studio 2012\projects\polyscript_language\polyscript_language\freetype_renderer.cpp(77): warning C4244: 'initializing' : conversion from 'unsigned int' to 'float', possible loss of data
     1>c:\users\cesar\documents\visual studio 2012\projects\polyscript_language\polyscript_language\freetype_renderer.cpp(78): warning C4244: 'initializing' : conversion from 'FT_Int' to 'float', possible loss of data
         D2DUI.cpp
     1>c:\users\cesar\documents\visual studio 2012\projects\polyscript_language\polyscript_language\d2dui.cpp(52): warning C4018: '<' : signed/unsigned mismatch
     1>c:\users\cesar\documents\visual studio 2012\projects\polyscript_language\polyscript_language\d2dui.cpp(213): warning C4018: '<' : signed/unsigned mismatch
     1>c:\users\cesar\documents\visual studio 2012\projects\polyscript_language\polyscript_language\d2dui.cpp(218): warning C4018: '<' : signed/unsigned mismatch
     1>c:\users\cesar\documents\visual studio 2012\projects\polyscript_language\polyscript_language\d2dui.cpp(228): warning C4018: '<' : signed/unsigned mismatch
     1>c:\users\cesar\documents\visual studio 2012\projects\polyscript_language\polyscript_language\d2dui.cpp(244): warning C4018: '<' : signed/unsigned mismatch
     1>c:\users\cesar\documents\visual studio 2012\projects\polyscript_language\polyscript_language\d2dui.cpp(252): warning C4018: '<' : signed/unsigned mismatch
     1>c:\users\cesar\documents\visual studio 2012\projects\polyscript_language\polyscript_language\d2dui.cpp(261): warning C4018: '<' : signed/unsigned mismatch
     1>c:\users\cesar\documents\visual studio 2012\projects\polyscript_language\polyscript_language\d2dui.cpp(277): warning C4018: '<' : signed/unsigned mismatch
     1>c:\users\cesar\documents\visual studio 2012\projects\polyscript_language\polyscript_language\d2dui.cpp(286): warning C4018: '<' : signed/unsigned mismatch
     1>c:\users\cesar\documents\visual studio 2012\projects\polyscript_language\polyscript_language\d2dui.cpp(300): warning C4244: 'initializing' : conversion from 'FLOAT' to 'int', possible loss of data
     1>c:\users\cesar\documents\visual studio 2012\projects\polyscript_language\polyscript_language\d2dui.cpp(301): warning C4244: 'initializing' : conversion from 'FLOAT' to 'int', possible loss of data
     1>c:\users\cesar\documents\visual studio 2012\projects\polyscript_language\polyscript_language\d2dui.cpp(306): warning C4244: 'initializing' : conversion from 'FLOAT' to 'int', possible loss of data
     1>c:\users\cesar\documents\visual studio 2012\projects\polyscript_language\polyscript_language\d2dui.cpp(307): warning C4244: 'initializing' : conversion from 'FLOAT' to 'int', possible loss of data
     1>c:\users\cesar\documents\visual studio 2012\projects\polyscript_language\polyscript_language\d2dui.cpp(425): warning C4244: 'initializing' : conversion from 'FLOAT' to 'int', possible loss of data
     1>c:\users\cesar\documents\visual studio 2012\projects\polyscript_language\polyscript_language\d2dui.cpp(426): warning C4244: 'initializing' : conversion from 'FLOAT' to 'int', possible loss of data
     1>c:\users\cesar\documents\visual studio 2012\projects\polyscript_language\polyscript_language\d2dui.cpp(494): warning C4244: 'initializing' : conversion from 'FLOAT' to 'int', possible loss of data
     1>c:\users\cesar\documents\visual studio 2012\projects\polyscript_language\polyscript_language\d2dui.cpp(495): warning C4244: 'initializing' : conversion from 'FLOAT' to 'int', possible loss of data
     1>c:\users\cesar\documents\visual studio 2012\projects\polyscript_language\polyscript_language\d2dui.cpp(592): warning C4018: '<' : signed/unsigned mismatch
     1>c:\users\cesar\documents\visual studio 2012\projects\polyscript_language\polyscript_language\d2dui.cpp(600): warning C4018: '<' : signed/unsigned mismatch
     1>c:\users\cesar\documents\visual studio 2012\projects\polyscript_language\polyscript_language\d2dui.cpp(614): warning C4018: '<' : signed/unsigned mismatch
     1>c:\users\cesar\documents\visual studio 2012\projects\polyscript_language\polyscript_language\d2dui.cpp(621): warning C4018: '<' : signed/unsigned mismatch
     1>c:\users\cesar\documents\visual studio 2012\projects\polyscript_language\polyscript_language\d2dui.cpp(632): warning C4018: '<' : signed/unsigned mismatch
     1>c:\users\cesar\documents\visual studio 2012\projects\polyscript_language\polyscript_language\d2dui.cpp(639): warning C4018: '<' : signed/unsigned mismatch
     1>c:\users\cesar\documents\visual studio 2012\projects\polyscript_language\polyscript_language\d2dui.cpp(654): warning C4018: '<' : signed/unsigned mismatch
     1>c:\users\cesar\documents\visual studio 2012\projects\polyscript_language\polyscript_language\d2dui.cpp(659): warning C4018: '<' : signed/unsigned mismatch
     1>c:\users\cesar\documents\visual studio 2012\projects\polyscript_language\polyscript_language\d2dui.cpp(750): warning C4018: '<' : signed/unsigned mismatch
     1>c:\users\cesar\documents\visual studio 2012\projects\polyscript_language\polyscript_language\d2dui.cpp(755): warning C4018: '<' : signed/unsigned mismatch
     1>c:\users\cesar\documents\visual studio 2012\projects\polyscript_language\polyscript_language\d2dui.cpp(783): warning C4018: '<' : signed/unsigned mismatch
     1>c:\users\cesar\documents\visual studio 2012\projects\polyscript_language\polyscript_language\d2dui.cpp(790): warning C4018: '<' : signed/unsigned mismatch
     1>c:\users\cesar\documents\visual studio 2012\projects\polyscript_language\polyscript_language\d2dui.cpp(803): warning C4244: '=' : conversion from 'LONG' to 'float', possible loss of data
     1>c:\users\cesar\documents\visual studio 2012\projects\polyscript_language\polyscript_language\d2dui.cpp(806): warning C4244: '=' : conversion from 'LONG' to 'float', possible loss of data
     1>c:\users\cesar\documents\visual studio 2012\projects\polyscript_language\polyscript_language\d2dui.cpp(840): warning C4018: '<' : signed/unsigned mismatch
     1>c:\users\cesar\documents\visual studio 2012\projects\polyscript_language\polyscript_language\d2dui.cpp(847): warning C4018: '<' : signed/unsigned mismatch
     1>c:\users\cesar\documents\visual studio 2012\projects\polyscript_language\polyscript_language\d2dui.cpp(890): warning C4018: '<' : signed/unsigned mismatch
     1>c:\users\cesar\documents\visual studio 2012\projects\polyscript_language\polyscript_language\d2dui.cpp(895): warning C4018: '<' : signed/unsigned mismatch
     1>c:\users\cesar\documents\visual studio 2012\projects\polyscript_language\polyscript_language\d2dui.cpp(910): warning C4244: '=' : conversion from 'LONG' to 'float', possible loss of data
     1>c:\users\cesar\documents\visual studio 2012\projects\polyscript_language\polyscript_language\d2dui.cpp(913): warning C4244: '=' : conversion from 'LONG' to 'float', possible loss of data
     1>c:\users\cesar\documents\visual studio 2012\projects\polyscript_language\polyscript_language\d2dui.cpp(921): warning C4018: '<' : signed/unsigned mismatch
     1>c:\users\cesar\documents\visual studio 2012\projects\polyscript_language\polyscript_language\d2dui.cpp(926): warning C4018: '<' : signed/unsigned mismatch
     1>c:\users\cesar\documents\visual studio 2012\projects\polyscript_language\polyscript_language\d2dui.cpp(956): warning C4018: '<' : signed/unsigned mismatch
     1>c:\users\cesar\documents\visual studio 2012\projects\polyscript_language\polyscript_language\d2dui.cpp(967): warning C4018: '<' : signed/unsigned mismatch
     1>c:\users\cesar\documents\visual studio 2012\projects\polyscript_language\polyscript_language\d2dui.cpp(987): warning C4018: '<' : signed/unsigned mismatch
     1>c:\users\cesar\documents\visual studio 2012\projects\polyscript_language\polyscript_language\d2dui.cpp(1150): warning C4018: '<' : signed/unsigned mismatch
     1>c:\users\cesar\documents\visual studio 2012\projects\polyscript_language\polyscript_language\d2dui.cpp(1378): warning C4018: '<' : signed/unsigned mismatch
     1>c:\users\cesar\documents\visual studio 2012\projects\polyscript_language\polyscript_language\d2dui.cpp(1383): warning C4018: '<' : signed/unsigned mismatch
     1>c:\users\cesar\documents\visual studio 2012\projects\polyscript_language\polyscript_language\d2dui.cpp(1393): warning C4018: '<' : signed/unsigned mismatch
     1>c:\users\cesar\documents\visual studio 2012\projects\polyscript_language\polyscript_language\d2dui.cpp(1396): warning C4018: '<' : signed/unsigned mismatch
     1>c:\users\cesar\documents\visual studio 2012\projects\polyscript_language\polyscript_language\d2dui.cpp(1412): warning C4018: '<' : signed/unsigned mismatch
     1>c:\users\cesar\documents\visual studio 2012\projects\polyscript_language\polyscript_language\d2dui.cpp(1427): warning C4018: '<' : signed/unsigned mismatch
     1>c:\users\cesar\documents\visual studio 2012\projects\polyscript_language\polyscript_language\d2dui.cpp(1505): warning C4018: '<' : signed/unsigned mismatch
     1>c:\users\cesar\documents\visual studio 2012\projects\polyscript_language\polyscript_language\d2dui.cpp(1510): warning C4018: '<' : signed/unsigned mismatch
     1>c:\users\cesar\documents\visual studio 2012\projects\polyscript_language\polyscript_language\d2dui.cpp(1602): warning C4018: '<' : signed/unsigned mismatch
     1>c:\users\cesar\documents\visual studio 2012\projects\polyscript_language\polyscript_language\d2dui.cpp(1642): warning C4018: '<' : signed/unsigned mismatch
     1>c:\users\cesar\documents\visual studio 2012\projects\polyscript_language\polyscript_language\d2dui.cpp(1652): warning C4018: '<' : signed/unsigned mismatch
     1>c:\users\cesar\documents\visual studio 2012\projects\polyscript_language\polyscript_language\d2dui.cpp(1688): warning C4018: '<' : signed/unsigned mismatch
     1>c:\users\cesar\documents\visual studio 2012\projects\polyscript_language\polyscript_language\d2dui.cpp(1743): warning C4018: '<' : signed/unsigned mismatch
     1>c:\users\cesar\documents\visual studio 2012\projects\polyscript_language\polyscript_language\d2dui.cpp(1869): warning C4018: '<' : signed/unsigned mismatch
     1>c:\users\cesar\documents\visual studio 2012\projects\polyscript_language\polyscript_language\d2dui.cpp(1874): warning C4018: '<' : signed/unsigned mismatch
     1>c:\users\cesar\documents\visual studio 2012\projects\polyscript_language\polyscript_language\d2dui.cpp(1884): warning C4018: '<' : signed/unsigned mismatch
     1>c:\users\cesar\documents\visual studio 2012\projects\polyscript_language\polyscript_language\d2dui.cpp(1887): warning C4018: '<' : signed/unsigned mismatch
     1>c:\users\cesar\documents\visual studio 2012\projects\polyscript_language\polyscript_language\d2dui.cpp(1902): warning C4018: '<' : signed/unsigned mismatch
     1>c:\users\cesar\documents\visual studio 2012\projects\polyscript_language\polyscript_language\d2dui.cpp(1911): warning C4018: '<' : signed/unsigned mismatch
     1>c:\users\cesar\documents\visual studio 2012\projects\polyscript_language\polyscript_language\d2dui.cpp(1930): warning C4018: '<' : signed/unsigned mismatch
     1>c:\users\cesar\documents\visual studio 2012\projects\polyscript_language\polyscript_language\d2dui.cpp(1939): warning C4018: '<' : signed/unsigned mismatch
     1>c:\users\cesar\documents\visual studio 2012\projects\polyscript_language\polyscript_language\d2dui.cpp(1993): warning C4244: 'argument' : conversion from 'LONG' to 'FLOAT', possible loss of data
     1>c:\users\cesar\documents\visual studio 2012\projects\polyscript_language\polyscript_language\d2dui.cpp(2015): warning C4244: 'argument' : conversion from 'int' to 'FLOAT', possible loss of data
     1>c:\users\cesar\documents\visual studio 2012\projects\polyscript_language\polyscript_language\d2dui.cpp(2011): warning C4101: 'px' : unreferenced local variable
     1>c:\users\cesar\documents\visual studio 2012\projects\polyscript_language\polyscript_language\d2dui.cpp(2011): warning C4101: 'py' : unreferenced local variable
     1>c:\users\cesar\documents\visual studio 2012\projects\polyscript_language\polyscript_language\d2dui.cpp(2025): warning C4244: '=' : conversion from 'float' to 'LONG', possible loss of data
     1>c:\users\cesar\documents\visual studio 2012\projects\polyscript_language\polyscript_language\d2dui.cpp(2026): warning C4244: '=' : conversion from 'FLOAT' to 'LONG', possible loss of data
     1>c:\users\cesar\documents\visual studio 2012\projects\polyscript_language\polyscript_language\d2dui.cpp(2027): warning C4244: '=' : conversion from 'float' to 'LONG', possible loss of data
     1>c:\users\cesar\documents\visual studio 2012\projects\polyscript_language\polyscript_language\d2dui.cpp(2028): warning C4244: '=' : conversion from 'FLOAT' to 'LONG', possible loss of data
     1>c:\users\cesar\documents\visual studio 2012\projects\polyscript_language\polyscript_language\d2dui.cpp(2122): warning C4018: '<' : signed/unsigned mismatch
     1>c:\users\cesar\documents\visual studio 2012\projects\polyscript_language\polyscript_language\d2dui.cpp(2127): warning C4018: '<' : signed/unsigned mismatch
     1>c:\users\cesar\documents\visual studio 2012\projects\polyscript_language\polyscript_language\d2dui.cpp(2135): warning C4244: 'argument' : conversion from 'LONG' to 'FLOAT', possible loss of data
     1>c:\users\cesar\documents\visual studio 2012\projects\polyscript_language\polyscript_language\d2dui.cpp(2136): warning C4244: 'argument' : conversion from 'LONG' to 'FLOAT', possible loss of data
     1>c:\users\cesar\documents\visual studio 2012\projects\polyscript_language\polyscript_language\d2dui.cpp(2140): warning C4244: 'argument' : conversion from 'LONG' to 'FLOAT', possible loss of data
     1>c:\users\cesar\documents\visual studio 2012\projects\polyscript_language\polyscript_language\d2dui.cpp(2146): warning C4244: 'argument' : conversion from 'LONG' to 'FLOAT', possible loss of data
     1>c:\users\cesar\documents\visual studio 2012\projects\polyscript_language\polyscript_language\d2dui.cpp(2147): warning C4244: 'argument' : conversion from 'LONG' to 'FLOAT', possible loss of data
     1>c:\users\cesar\documents\visual studio 2012\projects\polyscript_language\polyscript_language\d2dui.cpp(2154): warning C4244: 'argument' : conversion from 'LONG' to 'FLOAT', possible loss of data
     1>c:\users\cesar\documents\visual studio 2012\projects\polyscript_language\polyscript_language\d2dui.cpp(2155): warning C4244: 'argument' : conversion from 'LONG' to 'FLOAT', possible loss of data
     1>c:\users\cesar\documents\visual studio 2012\projects\polyscript_language\polyscript_language\d2dui.cpp(2250): warning C4244: 'argument' : conversion from 'LONG' to 'FLOAT', possible loss of data
     1>c:\users\cesar\documents\visual studio 2012\projects\polyscript_language\polyscript_language\d2dui.cpp(2704): warning C4244: 'argument' : conversion from 'LONG' to 'FLOAT', possible loss of data
     1>c:\users\cesar\documents\visual studio 2012\projects\polyscript_language\polyscript_language\d2dui.cpp(2798): warning C4244: 'argument' : conversion from 'LONG' to 'FLOAT', possible loss of data
     1>c:\users\cesar\documents\visual studio 2012\projects\polyscript_language\polyscript_language\d2dui.cpp(2800): warning C4244: 'argument' : conversion from 'LONG' to 'FLOAT', possible loss of data
     1>c:\users\cesar\documents\visual studio 2012\projects\polyscript_language\polyscript_language\d2dui.cpp(2854): warning C4244: 'argument' : conversion from 'LONG' to 'FLOAT', possible loss of data
     1>c:\users\cesar\documents\visual studio 2012\projects\polyscript_language\polyscript_language\d2dui.cpp(2890): warning C4018: '<' : signed/unsigned mismatch
     1>c:\users\cesar\documents\visual studio 2012\projects\polyscript_language\polyscript_language\d2dui.cpp(2902): warning C4018: '<' : signed/unsigned mismatch
     1>c:\users\cesar\documents\visual studio 2012\projects\polyscript_language\polyscript_language\d2dui.cpp(3045): warning C4244: 'argument' : conversion from 'LONG' to 'FLOAT', possible loss of data
     1>c:\users\cesar\documents\visual studio 2012\projects\polyscript_language\polyscript_language\d2dui.cpp(3073): warning C4018: '<' : signed/unsigned mismatch
     1>c:\users\cesar\documents\visual studio 2012\projects\polyscript_language\polyscript_language\d2dui.cpp(3085): warning C4018: '<' : signed/unsigned mismatch
     1>c:\users\cesar\documents\visual studio 2012\projects\polyscript_language\polyscript_language\d2dui.cpp(3175): warning C4244: 'argument' : conversion from 'LONG' to 'FLOAT', possible loss of data
     1>c:\users\cesar\documents\visual studio 2012\projects\polyscript_language\polyscript_language\d2dui.cpp(3179): warning C4244: 'argument' : conversion from 'LONG' to 'FLOAT', possible loss of data
     1>c:\users\cesar\documents\visual studio 2012\projects\polyscript_language\polyscript_language\d2dui.cpp(3183): warning C4244: 'argument' : conversion from 'LONG' to 'FLOAT', possible loss of data
     1>c:\users\cesar\documents\visual studio 2012\projects\polyscript_language\polyscript_language\d2dui.cpp(3187): warning C4244: 'argument' : conversion from 'LONG' to 'FLOAT', possible loss of data
     1>c:\users\cesar\documents\visual studio 2012\projects\polyscript_language\polyscript_language\d2dui.cpp(3192): warning C4244: 'argument' : conversion from 'LONG' to 'FLOAT', possible loss of data
     1>c:\users\cesar\documents\visual studio 2012\projects\polyscript_language\polyscript_language\d2dui.cpp(3232): warning C4018: '<' : signed/unsigned mismatch
     1>c:\users\cesar\documents\visual studio 2012\projects\polyscript_language\polyscript_language\d2dui.cpp(3245): warning C4018: '<' : signed/unsigned mismatch
     1>c:\users\cesar\documents\visual studio 2012\projects\polyscript_language\polyscript_language\d2dui.cpp(3260): warning C4018: '<' : signed/unsigned mismatch
     1>c:\users\cesar\documents\visual studio 2012\projects\polyscript_language\polyscript_language\d2dui.cpp(3277): warning C4018: '<' : signed/unsigned mismatch
     1>c:\users\cesar\documents\visual studio 2012\projects\polyscript_language\polyscript_language\d2dui.cpp(3292): warning C4018: '<' : signed/unsigned mismatch
     1>c:\users\cesar\documents\visual studio 2012\projects\polyscript_language\polyscript_language\d2dui.cpp(3416): warning C4244: 'argument' : conversion from 'LONG' to 'FLOAT', possible loss of data
     1>c:\users\cesar\documents\visual studio 2012\projects\polyscript_language\polyscript_language\d2dui.cpp(3457): warning C4018: '<' : signed/unsigned mismatch
     1>c:\users\cesar\documents\visual studio 2012\projects\polyscript_language\polyscript_language\d2dui.cpp(3470): warning C4018: '<' : signed/unsigned mismatch
     1>c:\users\cesar\documents\visual studio 2012\projects\polyscript_language\polyscript_language\d2dui.cpp(3482): warning C4018: '<' : signed/unsigned mismatch
     1>c:\users\cesar\documents\visual studio 2012\projects\polyscript_language\polyscript_language\d2dui.cpp(3495): warning C4018: '<' : signed/unsigned mismatch
     1>c:\users\cesar\documents\visual studio 2012\projects\polyscript_language\polyscript_language\d2dui.cpp(3508): warning C4018: '<' : signed/unsigned mismatch
     1>c:\users\cesar\documents\visual studio 2012\projects\polyscript_language\polyscript_language\d2dui.cpp(3520): warning C4018: '<' : signed/unsigned mismatch
     1>c:\users\cesar\documents\visual studio 2012\projects\polyscript_language\polyscript_language\d2dui.cpp(3533): warning C4018: '<' : signed/unsigned mismatch
     1>c:\users\cesar\documents\visual studio 2012\projects\polyscript_language\polyscript_language\d2dui.cpp(3546): warning C4018: '<' : signed/unsigned mismatch
     1>c:\users\cesar\documents\visual studio 2012\projects\polyscript_language\polyscript_language\d2dui.cpp(3558): warning C4018: '<' : signed/unsigned mismatch
     1>c:\users\cesar\documents\visual studio 2012\projects\polyscript_language\polyscript_language\d2dui.cpp(3571): warning C4018: '<' : signed/unsigned mismatch
     1>c:\users\cesar\documents\visual studio 2012\projects\polyscript_language\polyscript_language\d2dui.cpp(3584): warning C4018: '<' : signed/unsigned mismatch
     1>c:\users\cesar\documents\visual studio 2012\projects\polyscript_language\polyscript_language\d2dui.cpp(3596): warning C4018: '<' : signed/unsigned mismatch
     1>c:\users\cesar\documents\visual studio 2012\projects\polyscript_language\polyscript_language\d2dui.cpp(3634): warning C4018: '<' : signed/unsigned mismatch
     1>c:\users\cesar\documents\visual studio 2012\projects\polyscript_language\polyscript_language\d2dui.cpp(3650): warning C4244: 'argument' : conversion from 'LONG' to 'FLOAT', possible loss of data
     1>c:\users\cesar\documents\visual studio 2012\projects\polyscript_language\polyscript_language\d2dui.cpp(3651): warning C4244: 'argument' : conversion from 'LONG' to 'FLOAT', possible loss of data
     1>c:\users\cesar\documents\visual studio 2012\projects\polyscript_language\polyscript_language\d2dui.cpp(3656): warning C4018: '<' : signed/unsigned mismatch
     1>c:\users\cesar\documents\visual studio 2012\projects\polyscript_language\polyscript_language\d2dui.cpp(3661): warning C4244: 'argument' : conversion from 'LONG' to 'FLOAT', possible loss of data
     1>c:\users\cesar\documents\visual studio 2012\projects\polyscript_language\polyscript_language\d2dui.cpp(3666): warning C4244: 'argument' : conversion from 'LONG' to 'FLOAT', possible loss of data
     1>c:\users\cesar\documents\visual studio 2012\projects\polyscript_language\polyscript_language\d2dui.cpp(3671): warning C4244: 'argument' : conversion from 'LONG' to 'FLOAT', possible loss of data
     1>c:\users\cesar\documents\visual studio 2012\projects\polyscript_language\polyscript_language\d2dui.cpp(3677): warning C4244: 'argument' : conversion from 'LONG' to 'FLOAT', possible loss of data
     1>c:\users\cesar\documents\visual studio 2012\projects\polyscript_language\polyscript_language\d2dui.cpp(3681): warning C4244: 'argument' : conversion from 'LONG' to 'FLOAT', possible loss of data
     1>c:\users\cesar\documents\visual studio 2012\projects\polyscript_language\polyscript_language\d2dui.cpp(3722): warning C4018: '<' : signed/unsigned mismatch
     1>c:\users\cesar\documents\visual studio 2012\projects\polyscript_language\polyscript_language\d2dui.cpp(3743): warning C4244: 'argument' : conversion from 'LONG' to 'FLOAT', possible loss of data
     1>c:\users\cesar\documents\visual studio 2012\projects\polyscript_language\polyscript_language\d2dui.cpp(3748): warning C4018: '<' : signed/unsigned mismatch
     1>c:\users\cesar\documents\visual studio 2012\projects\polyscript_language\polyscript_language\d2dui.cpp(3769): warning C4244: 'argument' : conversion from 'LONG' to 'FLOAT', possible loss of data
     1>c:\users\cesar\documents\visual studio 2012\projects\polyscript_language\polyscript_language\d2dui.cpp(3819): warning C4244: 'argument' : conversion from 'float' to 'UINT', possible loss of data
     1>c:\users\cesar\documents\visual studio 2012\projects\polyscript_language\polyscript_language\d2dui.cpp(4200): warning C4244: 'argument' : conversion from 'int' to 'FLOAT', possible loss of data
         D2DHandle.cpp
         Generating Code...
     1>c:\users\cesar\documents\visual studio 2012\projects\polyscript_language\polyscript_language\polyscript_language.cpp(445): warning C4715: 'CheckOrUncheckRenderingMode' : not all control paths return a value
       ResourceCompile:
         C:\Program Files (x86)\Windows Kits\8.0\bin\x86\rc.exe /D _UNICODE /D UNICODE /l"0x0409" /nologo /fo"Debug\Polyscript_Language.res" Polyscript_Language.rc 
       Link:
         C:\Program Files (x86)\Microsoft Visual Studio 11.0\VC\bin\link.exe /ERRORREPORT:PROMPT /OUT:"C:\Users\cesar\Documents\Visual Studio 2012\Projects\Polyscript_Language\\Polyscript_Language\Polyscript_Language_Debug.exe" /INCREMENTAL /NOLOGO /LIBPATH:"..\glew-2.1.0\lib\Release\Win32" /LIBPATH:"..\freetype-windows-binaries\release dll\win32" /LIBPATH:"..\ftgl-2.1.3~rc5\msvc\Build" /LIBPATH:..\boost_1_66_0\stage\lib kernel32.lib user32.lib gdi32.lib winspool.lib comdlg32.lib advapi32.lib shell32.lib ole32.lib oleaut32.lib uuid.lib odbc32.lib odbccp32.lib /MANIFEST /MANIFESTUAC:"level='asInvoker' uiAccess='false'" /manifest:embed /DEBUG /PDB:"C:\Users\cesar\Documents\Visual Studio 2012\Projects\Polyscript_Language\\Polyscript_Language\Polyscript_Language_Debug.pdb" /SUBSYSTEM:WINDOWS /TLBID:1 /DYNAMICBASE /NXCOMPAT /IMPLIB:"C:\Users\cesar\Documents\Visual Studio 2012\Projects\Polyscript_Language\\Polyscript_Language\Polyscript_Language_Debug.lib" /MACHINE:X86 Debug\Polyscript_Language.res
         Debug\D2DHandle.obj
         Debug\D2DUI.obj
         Debug\freetype_renderer.obj
         Debug\GLHandle.obj
         Debug\OpenGLUI.obj
         Debug\PolyscriptFigure.obj
         Debug\PolyscriptParser.obj
         Debug\PolyscriptVariable.obj
         Debug\Polyscript_Language.obj
         Debug\stdafx.obj
         Debug\TextRendererDX.obj
         Debug\TextRendererGL.obj
         Polyscript_Language.vcxproj -> C:\Users\cesar\Documents\Visual Studio 2012\Projects\Polyscript_Language\\Polyscript_Language\Polyscript_Language_Debug.exe
     1>Done Building Project "C:\Users\cesar\Documents\Visual Studio 2012\Projects\Polyscript_Language\Polyscript_Language\Polyscript_Language.vcxproj" (Rebuild target(s)).

Build succeeded.

Time Elapsed 00:00:32.35
