Build started 05/01/2021 10:10:53 p. m..
     1>Project "C:\Users\cesar\Documents\Visual Studio 2012\Projects\Polyscript_Language\Polyscript_Language\Polyscript_Language.vcxproj" on node 2 (Build target(s)).
     1>ClCompile:
         C:\Program Files (x86)\Microsoft Visual Studio 11.0\VC\bin\CL.exe /c /I"..\glew-2.1.0\include" /I..\stb /I"..\freetype-windows-binaries\include" /I"..\ftgl-2.1.3~rc5\src" /I..\boost_1_66_0 /Zi /nologo /W3 /WX- /sdl /O2 /Oi /Oy- /GL /D WIN32 /D NDEBUG /D _WINDOWS /D _CRT_SECURE_NO_WARNINGS /D _SCL_SECURE_NO_WARNINGS /D _UNICODE /D UNICODE /Gm- /EHsc /MD /GS /Gy /fp:precise /Zc:wchar_t /Zc:forScope /Yu"stdafx.h" /Fp"Release\Polyscript_Language_Release.pch" /Fo"Release\\" /Fd"Release\vc110.pdb" /Gd /TP /analyze- /errorReport:prompt -Zm512  D2DHandle.cpp
         D2DHandle.cpp
       Link:
         C:\Program Files (x86)\Microsoft Visual Studio 11.0\VC\bin\link.exe /ERRORREPORT:PROMPT /OUT:"C:\Users\cesar\Documents\Visual Studio 2012\Projects\Polyscript_Language\\Polyscript_Language\Polyscript_Language_Release.exe" /INCREMENTAL:NO /NOLOGO /LIBPATH:"..\glew-2.1.0\lib\Release\Win32" /LIBPATH:"..\freetype-windows-binaries\release dll\win32" /LIBPATH:"..\ftgl-2.1.3~rc5\msvc\Build" /LIBPATH:..\boost_1_66_0\stage\lib kernel32.lib user32.lib gdi32.lib winspool.lib comdlg32.lib advapi32.lib shell32.lib ole32.lib oleaut32.lib uuid.lib odbc32.lib odbccp32.lib /MANIFEST /MANIFESTUAC:"level='asInvoker' uiAccess='false'" /manifest:embed /DEBUG /PDB:"C:\Users\cesar\Documents\Visual Studio 2012\Projects\Polyscript_Language\\Polyscript_Language\Polyscript_Language_Release.pdb" /SUBSYSTEM:WINDOWS /OPT:REF /OPT:ICF /LTCG /TLBID:1 /DYNAMICBASE /NXCOMPAT /IMPLIB:"C:\Users\cesar\Documents\Visual Studio 2012\Projects\Polyscript_Language\\Polyscript_Language\Polyscript_Language_Release.lib" /MACHINE:X86 /SAFESEH Release\Polyscript_Language.res
         Release\D2DHandle.obj
         Release\D2DUI.obj
         Release\freetype_renderer.obj
         Release\GLHandle.obj
         Release\OpenGLUI.obj
         Release\PolyscriptFigure.obj
         Release\PolyscriptParser.obj
         Release\PolyscriptVariable.obj
         Release\Polyscript_Language.obj
         Release\stdafx.obj
         Release\TextRendererDX.obj
         Release\TextRendererGL.obj
         Generating code
     1>c:\users\cesar\documents\visual studio 2012\projects\polyscript_language\polyscript_language\polyscript_language.cpp(446): warning C4715: 'CheckOrUncheckRenderingMode' : not all control paths return a value
         Finished generating code
         Polyscript_Language.vcxproj -> C:\Users\cesar\Documents\Visual Studio 2012\Projects\Polyscript_Language\\Polyscript_Language\Polyscript_Language_Release.exe
     1>Done Building Project "C:\Users\cesar\Documents\Visual Studio 2012\Projects\Polyscript_Language\Polyscript_Language\Polyscript_Language.vcxproj" (Build target(s)).

Build succeeded.

Time Elapsed 00:00:10.40
