C:\USERS\CESAR\DOCUMENTS\VISUAL STUDIO 2012\PROJECTS\POLYSCRIPT_LANGUAGE\POLYSCRIPT_LANGUAGE\RELEASE\POLYSCRIPT_LANGUAGE.PCH
C:\USERS\CESAR\DOCUMENTS\VISUAL STUDIO 2012\PROJECTS\POLYSCRIPT_LANGUAGE\POLYSCRIPT_LANGUAGE\RELEASE\STDAFX.OBJ
C:\USERS\CESAR\DOCUMENTS\VISUAL STUDIO 2012\PROJECTS\POLYSCRIPT_LANGUAGE\POLYSCRIPT_LANGUAGE\RELEASE\VC110.PDB
C:\USERS\CESAR\DOCUMENTS\VISUAL STUDIO 2012\PROJECTS\POLYSCRIPT_LANGUAGE\POLYSCRIPT_LANGUAGE\RELEASE\TEXTRENDERERGL.OBJ
C:\USERS\CESAR\DOCUMENTS\VISUAL STUDIO 2012\PROJECTS\POLYSCRIPT_LANGUAGE\POLYSCRIPT_LANGUAGE\RELEASE\TEXTRENDERERDX.OBJ
C:\USERS\CESAR\DOCUMENTS\VISUAL STUDIO 2012\PROJECTS\POLYSCRIPT_LANGUAGE\POLYSCRIPT_LANGUAGE\RELEASE\POLYSCRIPT_LANGUAGE.OBJ
C:\USERS\CESAR\DOCUMENTS\VISUAL STUDIO 2012\PROJECTS\POLYSCRIPT_LANGUAGE\POLYSCRIPT_LANGUAGE\RELEASE\POLYSCRIPTVARIABLE.OBJ
C:\USERS\CESAR\DOCUMENTS\VISUAL STUDIO 2012\PROJECTS\POLYSCRIPT_LANGUAGE\POLYSCRIPT_LANGUAGE\RELEASE\POLYSCRIPTPARSER.OBJ
C:\USERS\CESAR\DOCUMENTS\VISUAL STUDIO 2012\PROJECTS\POLYSCRIPT_LANGUAGE\POLYSCRIPT_LANGUAGE\RELEASE\POLYSCRIPTFIGURE.OBJ
C:\USERS\CESAR\DOCUMENTS\VISUAL STUDIO 2012\PROJECTS\POLYSCRIPT_LANGUAGE\POLYSCRIPT_LANGUAGE\RELEASE\OPENGLUI.OBJ
C:\USERS\CESAR\DOCUMENTS\VISUAL STUDIO 2012\PROJECTS\POLYSCRIPT_LANGUAGE\POLYSCRIPT_LANGUAGE\RELEASE\GLHANDLE.OBJ
C:\USERS\CESAR\DOCUMENTS\VISUAL STUDIO 2012\PROJECTS\POLYSCRIPT_LANGUAGE\POLYSCRIPT_LANGUAGE\RELEASE\FREETYPE_RENDERER.OBJ
C:\USERS\CESAR\DOCUMENTS\VISUAL STUDIO 2012\PROJECTS\POLYSCRIPT_LANGUAGE\POLYSCRIPT_LANGUAGE\RELEASE\D2DUI.OBJ
C:\USERS\CESAR\DOCUMENTS\VISUAL STUDIO 2012\PROJECTS\POLYSCRIPT_LANGUAGE\POLYSCRIPT_LANGUAGE\RELEASE\D2DHANDLE.OBJ
C:\USERS\CESAR\DOCUMENTS\VISUAL STUDIO 2012\PROJECTS\POLYSCRIPT_LANGUAGE\RELEASE\POLYSCRIPT_LANGUAGE.EXE
C:\USERS\CESAR\DOCUMENTS\VISUAL STUDIO 2012\PROJECTS\POLYSCRIPT_LANGUAGE\RELEASE\POLYSCRIPT_LANGUAGE.PDB
C:\USERS\CESAR\DOCUMENTS\VISUAL STUDIO 2012\PROJECTS\POLYSCRIPT_LANGUAGE\POLYSCRIPT_LANGUAGE\RELEASE\POLYSCRIPT_LANGUAGE.RES
C:\Users\cesar\Documents\Visual Studio 2012\Projects\Polyscript_Language\Polyscript_Language\Release\D2DHandle.obj
C:\Users\cesar\Documents\Visual Studio 2012\Projects\Polyscript_Language\Polyscript_Language\Release\D2DUI.obj
C:\Users\cesar\Documents\Visual Studio 2012\Projects\Polyscript_Language\Polyscript_Language\Release\freetype_renderer.obj
C:\Users\cesar\Documents\Visual Studio 2012\Projects\Polyscript_Language\Polyscript_Language\Release\GLHandle.obj
C:\Users\cesar\Documents\Visual Studio 2012\Projects\Polyscript_Language\Polyscript_Language\Release\OpenGLUI.obj
C:\Users\cesar\Documents\Visual Studio 2012\Projects\Polyscript_Language\Polyscript_Language\Release\PolyscriptFigure.obj
C:\Users\cesar\Documents\Visual Studio 2012\Projects\Polyscript_Language\Polyscript_Language\Release\PolyscriptParser.obj
C:\Users\cesar\Documents\Visual Studio 2012\Projects\Polyscript_Language\Polyscript_Language\Release\PolyscriptVariable.obj
C:\Users\cesar\Documents\Visual Studio 2012\Projects\Polyscript_Language\Polyscript_Language\Release\Polyscript_Language.obj
C:\Users\cesar\Documents\Visual Studio 2012\Projects\Polyscript_Language\Polyscript_Language\Release\stdafx.obj
C:\Users\cesar\Documents\Visual Studio 2012\Projects\Polyscript_Language\Polyscript_Language\Release\TextRendererDX.obj
C:\Users\cesar\Documents\Visual Studio 2012\Projects\Polyscript_Language\Polyscript_Language\Release\TextRendererGL.obj
C:\Users\cesar\Documents\Visual Studio 2012\Projects\Polyscript_Language\Polyscript_Language\Release\cl.command.1.tlog
C:\Users\cesar\Documents\Visual Studio 2012\Projects\Polyscript_Language\Polyscript_Language\Release\CL.read.1.tlog
C:\Users\cesar\Documents\Visual Studio 2012\Projects\Polyscript_Language\Polyscript_Language\Release\CL.write.1.tlog
C:\Users\cesar\Documents\Visual Studio 2012\Projects\Polyscript_Language\Polyscript_Language\Release\link-cvtres.read.1.tlog
C:\Users\cesar\Documents\Visual Studio 2012\Projects\Polyscript_Language\Polyscript_Language\Release\link-cvtres.write.1.tlog
C:\Users\cesar\Documents\Visual Studio 2012\Projects\Polyscript_Language\Polyscript_Language\Release\link-rc.read.1.tlog
C:\Users\cesar\Documents\Visual Studio 2012\Projects\Polyscript_Language\Polyscript_Language\Release\link-rc.write.1.tlog
C:\Users\cesar\Documents\Visual Studio 2012\Projects\Polyscript_Language\Polyscript_Language\Release\link.command.1.tlog
C:\Users\cesar\Documents\Visual Studio 2012\Projects\Polyscript_Language\Polyscript_Language\Release\link.read.1.tlog
C:\Users\cesar\Documents\Visual Studio 2012\Projects\Polyscript_Language\Polyscript_Language\Release\link.read.5.tlog
C:\Users\cesar\Documents\Visual Studio 2012\Projects\Polyscript_Language\Polyscript_Language\Release\link.write.1.tlog
C:\Users\cesar\Documents\Visual Studio 2012\Projects\Polyscript_Language\Polyscript_Language\Release\rc.command.1.tlog
C:\Users\cesar\Documents\Visual Studio 2012\Projects\Polyscript_Language\Polyscript_Language\Release\rc.read.1.tlog
C:\Users\cesar\Documents\Visual Studio 2012\Projects\Polyscript_Language\Polyscript_Language\Release\rc.write.1.tlog
C:\Users\cesar\Documents\Visual Studio 2012\Projects\Polyscript_Language\Polyscript_Language\Release\Polyscript_Language.res
C:\Users\cesar\Documents\Visual Studio 2012\Projects\Polyscript_Language\Polyscript_Language\Release\Polyscript_Language.pch
C:\Users\cesar\Documents\Visual Studio 2012\Projects\Polyscript_Language\Polyscript_Language\Release\vc110.pdb
