Build started 14/12/2020 04:27:32 p. m..
     1>Project "C:\Users\cesar\Downloads\ftgl-2.1.3~rc5\msvc\vc8\ftgl_dll.vcxproj" on node 2 (Build target(s)).
     1>ClCompile:
         C:\Program Files (x86)\Microsoft Visual Studio 11.0\VC\bin\CL.exe /c /I"C:\Users\cesar\freetype-windows-binaries\include" /I../../src /I../ /Zi /nologo /W3 /WX- /O2 /Ob1 /Oy- /D NDEBUG /D WIN32 /D _WINDOWS /D _USRDLL /D FTGL_LIBRARY /D _VC80_UPGRADE=0x0600 /D _WINDLL /D _MBCS /GF /Gm- /EHsc /MD /GS /Gy /fp:precise /Zc:wchar_t /Zc:forScope /Fo"./Release_ST/" /Fd"./Release/vc110.pdb" /Gd /TP /analyze- /errorReport:prompt ..\..\src\FTLayout\FTSimpleLayout.cpp
         FTSimpleLayout.cpp
     1>C:\Program Files (x86)\MSBuild\Microsoft.Cpp\v4.0\V110\Microsoft.CppBuild.targets(1137,5): warning MSB8012: TargetPath(C:\Users\cesar\Downloads\ftgl-2.1.3~rc5\msvc\vc8\../Build\ftgl_dll.dll) does not match the Linker's OutputFile property value (C:\Users\cesar\Downloads\ftgl-2.1.3~rc5\msvc\Build\ftgl.dll). This may cause your project to build incorrectly. To correct this, please make sure that $(OutDir), $(TargetName) and $(TargetExt) property values match the value specified in %(Link.OutputFile).
     1>C:\Program Files (x86)\MSBuild\Microsoft.Cpp\v4.0\V110\Microsoft.CppBuild.targets(1139,5): warning MSB8012: TargetName(ftgl_dll) does not match the Linker's OutputFile property value (ftgl). This may cause your project to build incorrectly. To correct this, please make sure that $(OutDir), $(TargetName) and $(TargetExt) property values match the value specified in %(Link.OutputFile).
       Link:
         C:\Program Files (x86)\Microsoft Visual Studio 11.0\VC\bin\link.exe /ERRORREPORT:PROMPT /OUT:"../Build/ftgl.dll" /INCREMENTAL:NO /NOLOGO /LIBPATH:"C:\Users\cesar\freetype-windows-binaries\release dll\win32" odbc32.lib odbccp32.lib opengl32.lib glu32.lib freetype.lib kernel32.lib user32.lib gdi32.lib winspool.lib comdlg32.lib advapi32.lib shell32.lib ole32.lib oleaut32.lib uuid.lib odbc32.lib odbccp32.lib /MANIFEST /MANIFESTUAC:"level='asInvoker' uiAccess='false'" /manifest:embed /PDB:"../Build/ftgl.pdb" /TLBID:1 /DYNAMICBASE /NXCOMPAT /IMPLIB:"../Build/ftgl.lib" /MACHINE:X86 /SAFESEH /DLL ./Release_ST/FTBuffer.obj
         ./Release_ST/FTCharmap.obj
         ./Release_ST/FTContour.obj
         ./Release_ST/FTFace.obj
         ./Release_ST/FTGlyphContainer.obj
         ./Release_ST/FTLibrary.obj
         ./Release_ST/FTPoint.obj
         ./Release_ST/FTSize.obj
         ./Release_ST/FTVectoriser.obj
         ./Release_ST/FTBitmapGlyph.obj
         ./Release_ST/FTBufferGlyph.obj
         ./Release_ST/FTExtrudeGlyph.obj
         ./Release_ST/FTGlyph.obj
         ./Release_ST/FTGlyphGlue.obj
         ./Release_ST/FTOutlineGlyph.obj
         ./Release_ST/FTPixmapGlyph.obj
         ./Release_ST/FTPolygonGlyph.obj
         ./Release_ST/FTTextureGlyph.obj
         ./Release_ST/FTBitmapFont.obj
         ./Release_ST/FTBufferFont.obj
         ./Release_ST/FTExtrudeFont.obj
         ./Release_ST/FTFont.obj
         ./Release_ST/FTFontGlue.obj
         ./Release_ST/FTOutlineFont.obj
         ./Release_ST/FTPixmapFont.obj
         ./Release_ST/FTPolygonFont.obj
         ./Release_ST/FTTextureFont.obj
         ./Release_ST/FTLayout.obj
         ./Release_ST/FTLayoutGlue.obj
         ./Release_ST/FTSimpleLayout.obj
            Creating library ../Build/ftgl.lib and object ../Build/ftgl.exp
         ftgl_dll.vcxproj -> C:\Users\cesar\Downloads\ftgl-2.1.3~rc5\msvc\vc8\../Build\ftgl_dll.dll
     1>Done Building Project "C:\Users\cesar\Downloads\ftgl-2.1.3~rc5\msvc\vc8\ftgl_dll.vcxproj" (Build target(s)).

Build succeeded.

Time Elapsed 00:00:03.76
