Build started 05/01/2021 10:41:32 p. m..
     1>Project "C:\Users\cesar\Documents\Visual Studio 2012\Projects\Polyscript_Language\Polyscript_Language\Polyscript_Language.vcxproj" on node 2 (Build target(s)).
     1>ClCompile:
         C:\Program Files (x86)\Microsoft Visual Studio 11.0\VC\bin\CL.exe /c /I"..\glew-2.1.0\include" /I..\stb /I"..\freetype-windows-binaries\include" /I"..\ftgl-2.1.3~rc5\src" /I..\boost_1_66_0 /ZI /nologo /W3 /WX- /sdl /Od /Oy- /D WIN32 /D _DEBUG /D _WINDOWS /D _CRT_SECURE_NO_WARNINGS /D _UNICODE /D UNICODE /Gm /EHsc /RTC1 /MDd /GS /fp:precise /Zc:wchar_t /Zc:forScope /Yu"stdafx.h" /Fp"Debug\Polyscript_Language_Debug.pch" /Fo"Debug\\" /Fd"Debug\vc110.pdb" /Gd /TP /analyze- /errorReport:prompt -Zm512  -D_SCL_SECURE_NO_WARNINGS D2DHandle.cpp OpenGLUI.cpp Polyscript_Language.cpp
         Polyscript_Language.cpp
     1>c:\users\cesar\documents\visual studio 2012\projects\polyscript_language\polyscript_language\polyscript_language.cpp(60): warning C4018: '<' : signed/unsigned mismatch
     1>c:\users\cesar\documents\visual studio 2012\projects\polyscript_language\polyscript_language\polyscript_language.cpp(74): warning C4018: '<' : signed/unsigned mismatch
     1>c:\users\cesar\documents\visual studio 2012\projects\polyscript_language\polyscript_language\polyscript_language.cpp(87): warning C4018: '<' : signed/unsigned mismatch
     1>c:\users\cesar\documents\visual studio 2012\projects\polyscript_language\polyscript_language\polyscript_language.cpp(105): warning C4018: '<' : signed/unsigned mismatch
     1>c:\users\cesar\documents\visual studio 2012\projects\polyscript_language\polyscript_language\polyscript_language.cpp(121): warning C4018: '<' : signed/unsigned mismatch
     1>c:\users\cesar\documents\visual studio 2012\projects\polyscript_language\polyscript_language\polyscript_language.cpp(156): warning C4018: '<' : signed/unsigned mismatch
     1>c:\users\cesar\documents\visual studio 2012\projects\polyscript_language\polyscript_language\polyscript_language.cpp(171): warning C4018: '<' : signed/unsigned mismatch
     1>c:\users\cesar\documents\visual studio 2012\projects\polyscript_language\polyscript_language\polyscript_language.cpp(185): warning C4018: '<' : signed/unsigned mismatch
     1>c:\users\cesar\documents\visual studio 2012\projects\polyscript_language\polyscript_language\polyscript_language.cpp(202): warning C4018: '<' : signed/unsigned mismatch
     1>c:\users\cesar\documents\visual studio 2012\projects\polyscript_language\polyscript_language\polyscript_language.cpp(219): warning C4018: '<' : signed/unsigned mismatch
     1>c:\users\cesar\documents\visual studio 2012\projects\polyscript_language\polyscript_language\polyscript_language.cpp(302): warning C4018: '<' : signed/unsigned mismatch
     1>c:\users\cesar\documents\visual studio 2012\projects\polyscript_language\polyscript_language\polyscript_language.cpp(303): warning C4066: characters beyond first in wide-character constant ignored
     1>c:\users\cesar\documents\visual studio 2012\projects\polyscript_language\polyscript_language\polyscript_language.cpp(316): warning C4018: '<' : signed/unsigned mismatch
     1>c:\users\cesar\documents\visual studio 2012\projects\polyscript_language\polyscript_language\polyscript_language.cpp(325): warning C4018: '<' : signed/unsigned mismatch
     1>c:\users\cesar\documents\visual studio 2012\projects\polyscript_language\polyscript_language\polyscript_language.cpp(348): warning C4018: '<' : signed/unsigned mismatch
     1>c:\users\cesar\documents\visual studio 2012\projects\polyscript_language\polyscript_language\polyscript_language.cpp(356): warning C4018: '<' : signed/unsigned mismatch
     1>c:\users\cesar\documents\visual studio 2012\projects\polyscript_language\polyscript_language\polyscript_language.cpp(430): warning C4101: 'fwdmenu' : unreferenced local variable
     1>c:\users\cesar\documents\visual studio 2012\projects\polyscript_language\polyscript_language\polyscript_language.cpp(578): warning C4244: 'argument' : conversion from 'int' to 'FLOAT', possible loss of data
     1>c:\users\cesar\documents\visual studio 2012\projects\polyscript_language\polyscript_language\polyscript_language.cpp(593): warning C4018: '<' : signed/unsigned mismatch
     1>c:\users\cesar\documents\visual studio 2012\projects\polyscript_language\polyscript_language\polyscript_language.cpp(635): warning C4018: '<' : signed/unsigned mismatch
     1>c:\users\cesar\documents\visual studio 2012\projects\polyscript_language\polyscript_language\polyscript_language.cpp(642): warning C4018: '<' : signed/unsigned mismatch
     1>c:\users\cesar\documents\visual studio 2012\projects\polyscript_language\polyscript_language\polyscript_language.cpp(676): warning C4018: '<' : signed/unsigned mismatch
     1>c:\users\cesar\documents\visual studio 2012\projects\polyscript_language\polyscript_language\polyscript_language.cpp(687): warning C4018: '<' : signed/unsigned mismatch
     1>c:\users\cesar\documents\visual studio 2012\projects\polyscript_language\polyscript_language\polyscript_language.cpp(451): warning C4101: 'wmId' : unreferenced local variable
     1>c:\users\cesar\documents\visual studio 2012\projects\polyscript_language\polyscript_language\polyscript_language.cpp(451): warning C4101: 'wmEvent' : unreferenced local variable
     1>c:\users\cesar\documents\visual studio 2012\projects\polyscript_language\polyscript_language\polyscript_language.cpp(455): warning C4101: 'isInside' : unreferenced local variable
     1>c:\users\cesar\documents\visual studio 2012\projects\polyscript_language\polyscript_language\polyscript_language.cpp(454): warning C4101: 'isTrailing' : unreferenced local variable
     1>c:\users\cesar\documents\visual studio 2012\projects\polyscript_language\polyscript_language\polyscript_language.cpp(458): warning C4101: 'textX' : unreferenced local variable
     1>c:\users\cesar\documents\visual studio 2012\projects\polyscript_language\polyscript_language\polyscript_language.cpp(458): warning C4101: 'textY' : unreferenced local variable
         OpenGLUI.cpp
     1>c:\users\cesar\documents\visual studio 2012\projects\polyscript_language\polyscript_language\openglui.cpp(106): warning C4101: 'px' : unreferenced local variable
     1>c:\users\cesar\documents\visual studio 2012\projects\polyscript_language\polyscript_language\openglui.cpp(106): warning C4101: 'py' : unreferenced local variable
     1>c:\users\cesar\documents\visual studio 2012\projects\polyscript_language\polyscript_language\openglui.cpp(117): warning C4101: 'px' : unreferenced local variable
     1>c:\users\cesar\documents\visual studio 2012\projects\polyscript_language\polyscript_language\openglui.cpp(117): warning C4101: 'py' : unreferenced local variable
     1>c:\users\cesar\documents\visual studio 2012\projects\polyscript_language\polyscript_language\openglui.cpp(146): warning C4244: 'argument' : conversion from 'LONG' to 'float', possible loss of data
     1>c:\users\cesar\documents\visual studio 2012\projects\polyscript_language\polyscript_language\openglui.cpp(147): warning C4244: 'argument' : conversion from 'LONG' to 'float', possible loss of data
     1>c:\users\cesar\documents\visual studio 2012\projects\polyscript_language\polyscript_language\openglui.cpp(148): warning C4244: 'argument' : conversion from 'LONG' to 'float', possible loss of data
     1>c:\users\cesar\documents\visual studio 2012\projects\polyscript_language\polyscript_language\openglui.cpp(149): warning C4244: 'argument' : conversion from 'LONG' to 'float', possible loss of data
     1>c:\users\cesar\documents\visual studio 2012\projects\polyscript_language\polyscript_language\openglui.cpp(179): warning C4244: 'argument' : conversion from 'LONG' to 'const float', possible loss of data
     1>c:\users\cesar\documents\visual studio 2012\projects\polyscript_language\polyscript_language\openglui.cpp(131): warning C4101: 'nChannels' : unreferenced local variable
     1>c:\users\cesar\documents\visual studio 2012\projects\polyscript_language\polyscript_language\openglui.cpp(187): warning C4018: '<' : signed/unsigned mismatch
     1>c:\users\cesar\documents\visual studio 2012\projects\polyscript_language\polyscript_language\openglui.cpp(232): warning C4244: 'initializing' : conversion from 'LONG' to 'float', possible loss of data
     1>c:\users\cesar\documents\visual studio 2012\projects\polyscript_language\polyscript_language\openglui.cpp(233): warning C4244: 'initializing' : conversion from 'LONG' to 'float', possible loss of data
     1>c:\users\cesar\documents\visual studio 2012\projects\polyscript_language\polyscript_language\openglui.cpp(234): warning C4244: 'argument' : conversion from 'float' to 'GLsizei', possible loss of data
         D2DHandle.cpp
         Generating Code...
     1>c:\users\cesar\documents\visual studio 2012\projects\polyscript_language\polyscript_language\polyscript_language.cpp(446): warning C4715: 'CheckOrUncheckRenderingMode' : not all control paths return a value
       Link:
         C:\Program Files (x86)\Microsoft Visual Studio 11.0\VC\bin\link.exe /ERRORREPORT:PROMPT /OUT:"C:\Users\cesar\Documents\Visual Studio 2012\Projects\Polyscript_Language\\Polyscript_Language\Polyscript_Language_Debug.exe" /INCREMENTAL /NOLOGO /LIBPATH:"..\glew-2.1.0\lib\Release\Win32" /LIBPATH:"..\freetype-windows-binaries\release dll\win32" /LIBPATH:"..\ftgl-2.1.3~rc5\msvc\Build" /LIBPATH:..\boost_1_66_0\stage\lib kernel32.lib user32.lib gdi32.lib winspool.lib comdlg32.lib advapi32.lib shell32.lib ole32.lib oleaut32.lib uuid.lib odbc32.lib odbccp32.lib /MANIFEST /MANIFESTUAC:"level='asInvoker' uiAccess='false'" /manifest:embed /DEBUG /PDB:"C:\Users\cesar\Documents\Visual Studio 2012\Projects\Polyscript_Language\\Polyscript_Language\Polyscript_Language_Debug.pdb" /SUBSYSTEM:WINDOWS /TLBID:1 /DYNAMICBASE /NXCOMPAT /IMPLIB:"C:\Users\cesar\Documents\Visual Studio 2012\Projects\Polyscript_Language\\Polyscript_Language\Polyscript_Language_Debug.lib" /MACHINE:X86 Debug\Polyscript_Language.res
         Debug\D2DHandle.obj
         Debug\D2DUI.obj
         Debug\freetype_renderer.obj
         Debug\GLHandle.obj
         Debug\OpenGLUI.obj
         Debug\PolyscriptFigure.obj
         Debug\PolyscriptParser.obj
         Debug\PolyscriptVariable.obj
         Debug\Polyscript_Language.obj
         Debug\stdafx.obj
         Debug\TextRendererDX.obj
         Debug\TextRendererGL.obj
         Polyscript_Language.vcxproj -> C:\Users\cesar\Documents\Visual Studio 2012\Projects\Polyscript_Language\\Polyscript_Language\Polyscript_Language_Debug.exe
     1>Done Building Project "C:\Users\cesar\Documents\Visual Studio 2012\Projects\Polyscript_Language\Polyscript_Language\Polyscript_Language.vcxproj" (Build target(s)).

Build succeeded.

Time Elapsed 00:00:12.63
