C:\USERS\CESAR\DOCUMENTS\VISUAL STUDIO 2012\PROJECTS\POLYSCRIPT_LANGUAGE\POLYSCRIPT_LANGUAGE\DEBUG\POLYSCRIPT_LANGUAGE.PCH
C:\USERS\CESAR\DOCUMENTS\VISUAL STUDIO 2012\PROJECTS\POLYSCRIPT_LANGUAGE\POLYSCRIPT_LANGUAGE\DEBUG\STDAFX.OBJ
C:\USERS\CESAR\DOCUMENTS\VISUAL STUDIO 2012\PROJECTS\POLYSCRIPT_LANGUAGE\POLYSCRIPT_LANGUAGE\DEBUG\VC110.PDB
C:\USERS\CESAR\DOCUMENTS\VISUAL STUDIO 2012\PROJECTS\POLYSCRIPT_LANGUAGE\POLYSCRIPT_LANGUAGE\DEBUG\D2DHANDLE.OBJ
C:\USERS\CESAR\DOCUMENTS\VISUAL STUDIO 2012\PROJECTS\POLYSCRIPT_LANGUAGE\POLYSCRIPT_LANGUAGE\DEBUG\D2DUI.OBJ
C:\USERS\CESAR\DOCUMENTS\VISUAL STUDIO 2012\PROJECTS\POLYSCRIPT_LANGUAGE\POLYSCRIPT_LANGUAGE\DEBUG\FREETYPE_RENDERER.OBJ
C:\USERS\CESAR\DOCUMENTS\VISUAL STUDIO 2012\PROJECTS\POLYSCRIPT_LANGUAGE\POLYSCRIPT_LANGUAGE\DEBUG\GLHANDLE.OBJ
C:\USERS\CESAR\DOCUMENTS\VISUAL STUDIO 2012\PROJECTS\POLYSCRIPT_LANGUAGE\POLYSCRIPT_LANGUAGE\DEBUG\OPENGLUI.OBJ
C:\USERS\CESAR\DOCUMENTS\VISUAL STUDIO 2012\PROJECTS\POLYSCRIPT_LANGUAGE\POLYSCRIPT_LANGUAGE\DEBUG\POLYSCRIPTPARSER.OBJ
C:\USERS\CESAR\DOCUMENTS\VISUAL STUDIO 2012\PROJECTS\POLYSCRIPT_LANGUAGE\POLYSCRIPT_LANGUAGE\DEBUG\POLYSCRIPTVARIABLE.OBJ
C:\USERS\CESAR\DOCUMENTS\VISUAL STUDIO 2012\PROJECTS\POLYSCRIPT_LANGUAGE\POLYSCRIPT_LANGUAGE\DEBUG\POLYSCRIPT_LANGUAGE.OBJ
C:\USERS\CESAR\DOCUMENTS\VISUAL STUDIO 2012\PROJECTS\POLYSCRIPT_LANGUAGE\POLYSCRIPT_LANGUAGE\DEBUG\TEXTRENDERERDX.OBJ
C:\USERS\CESAR\DOCUMENTS\VISUAL STUDIO 2012\PROJECTS\POLYSCRIPT_LANGUAGE\POLYSCRIPT_LANGUAGE\DEBUG\TEXTRENDERERGL.OBJ
C:\USERS\CESAR\DOCUMENTS\VISUAL STUDIO 2012\PROJECTS\POLYSCRIPT_LANGUAGE\DEBUG\POLYSCRIPT_LANGUAGE.ILK
C:\USERS\CESAR\DOCUMENTS\VISUAL STUDIO 2012\PROJECTS\POLYSCRIPT_LANGUAGE\DEBUG\POLYSCRIPT_LANGUAGE.EXE
C:\USERS\CESAR\DOCUMENTS\VISUAL STUDIO 2012\PROJECTS\POLYSCRIPT_LANGUAGE\DEBUG\POLYSCRIPT_LANGUAGE.PDB
C:\USERS\CESAR\DOCUMENTS\VISUAL STUDIO 2012\PROJECTS\POLYSCRIPT_LANGUAGE\POLYSCRIPT_LANGUAGE\DEBUG\POLYSCRIPT_LANGUAGE.RES
C:\Users\cesar\Documents\Visual Studio 2012\Projects\Polyscript_Language\Polyscript_Language\Debug\D2DHandle.obj
C:\Users\cesar\Documents\Visual Studio 2012\Projects\Polyscript_Language\Polyscript_Language\Debug\D2DUI.obj
C:\Users\cesar\Documents\Visual Studio 2012\Projects\Polyscript_Language\Polyscript_Language\Debug\freetype_renderer.obj
C:\Users\cesar\Documents\Visual Studio 2012\Projects\Polyscript_Language\Polyscript_Language\Debug\GLHandle.obj
C:\Users\cesar\Documents\Visual Studio 2012\Projects\Polyscript_Language\Polyscript_Language\Debug\OpenGLUI.obj
C:\Users\cesar\Documents\Visual Studio 2012\Projects\Polyscript_Language\Polyscript_Language\Debug\PolyscriptParser.obj
C:\Users\cesar\Documents\Visual Studio 2012\Projects\Polyscript_Language\Polyscript_Language\Debug\PolyscriptVariable.obj
C:\Users\cesar\Documents\Visual Studio 2012\Projects\Polyscript_Language\Polyscript_Language\Debug\Polyscript_Language.obj
C:\Users\cesar\Documents\Visual Studio 2012\Projects\Polyscript_Language\Polyscript_Language\Debug\stdafx.obj
C:\Users\cesar\Documents\Visual Studio 2012\Projects\Polyscript_Language\Polyscript_Language\Debug\TextRendererDX.obj
C:\Users\cesar\Documents\Visual Studio 2012\Projects\Polyscript_Language\Polyscript_Language\Debug\TextRendererGL.obj
C:\Users\cesar\Documents\Visual Studio 2012\Projects\Polyscript_Language\Polyscript_Language\Debug\cl.command.1.tlog
C:\Users\cesar\Documents\Visual Studio 2012\Projects\Polyscript_Language\Polyscript_Language\Debug\CL.read.1.tlog
C:\Users\cesar\Documents\Visual Studio 2012\Projects\Polyscript_Language\Polyscript_Language\Debug\CL.write.1.tlog
C:\Users\cesar\Documents\Visual Studio 2012\Projects\Polyscript_Language\Polyscript_Language\Debug\link-cvtres.read.1.tlog
C:\Users\cesar\Documents\Visual Studio 2012\Projects\Polyscript_Language\Polyscript_Language\Debug\link-cvtres.write.1.tlog
C:\Users\cesar\Documents\Visual Studio 2012\Projects\Polyscript_Language\Polyscript_Language\Debug\link-rc.read.1.tlog
C:\Users\cesar\Documents\Visual Studio 2012\Projects\Polyscript_Language\Polyscript_Language\Debug\link-rc.write.1.tlog
C:\Users\cesar\Documents\Visual Studio 2012\Projects\Polyscript_Language\Polyscript_Language\Debug\link.command.1.tlog
C:\Users\cesar\Documents\Visual Studio 2012\Projects\Polyscript_Language\Polyscript_Language\Debug\link.read.1.tlog
C:\Users\cesar\Documents\Visual Studio 2012\Projects\Polyscript_Language\Polyscript_Language\Debug\link.write.1.tlog
C:\Users\cesar\Documents\Visual Studio 2012\Projects\Polyscript_Language\Polyscript_Language\Debug\rc.command.1.tlog
C:\Users\cesar\Documents\Visual Studio 2012\Projects\Polyscript_Language\Polyscript_Language\Debug\rc.read.1.tlog
C:\Users\cesar\Documents\Visual Studio 2012\Projects\Polyscript_Language\Polyscript_Language\Debug\rc.write.1.tlog
C:\Users\cesar\Documents\Visual Studio 2012\Projects\Polyscript_Language\Polyscript_Language\Debug\Polyscript_Language.res
C:\Users\cesar\Documents\Visual Studio 2012\Projects\Polyscript_Language\Polyscript_Language\Debug\Polyscript_Language.pch
C:\Users\cesar\Documents\Visual Studio 2012\Projects\Polyscript_Language\Polyscript_Language\Debug\vc110.idb
C:\Users\cesar\Documents\Visual Studio 2012\Projects\Polyscript_Language\Polyscript_Language\Debug\vc110.pdb
C:\Users\cesar\Documents\Visual Studio 2012\Projects\Polyscript_Language\Debug\Polyscript_Language.pdb
C:\Users\cesar\Documents\Visual Studio 2012\Projects\Polyscript_Language\Debug\Polyscript_Language.exe
C:\Users\cesar\Documents\Visual Studio 2012\Projects\Polyscript_Language\Debug\Polyscript_Language.ilk
